Containers: 2
 Running: 1
 Paused: 0
 Stopped: 1
Images: 29
Server Version: 18.09.2
Storage Driver: overlay2
 Backing Filesystem: xfs
 Supports d_type: true
 Native Overlay Diff: true
Logging Driver: journald
Cgroup Driver: cgroupfs
Plugins:
 Volume: local
 Network: bridge host macvlan null overlay
 Log: awslogs fluentd gcplogs gelf journald json-file local logentries splunk syslog
Swarm: active
 NodeID: ni3jv426t69jb5mdnck70sfa3
 Is Manager: true
 ClusterID: hyv9abpfps3h1tm4hlqtf40lx
 Managers: 1
 Nodes: 1
 Default Address Pool: 10.0.0.0/8  
 SubnetSize: 24
 Orchestration:
  Task History Retention Limit: 5
 Raft:
  Snapshot Interval: 10000
  Number of Old Snapshots to Retain: 0
  Heartbeat Tick: 1
  Election Tick: 10
 Dispatcher:
  Heartbeat Period: 5 seconds
 CA Configuration:
  Expiry Duration: 3 months
  Force Rotate: 0
  External CAs:
    cfssl: https://10.10.12.169:12381/api/v1/cfssl/sign
 Autolock Managers: false
 Root Rotation In Progress: false
 Node Address: 10.10.12.169
 Manager Addresses:
  10.10.12.169:2377
Runtimes: runc
Default Runtime: runc
Init Binary: docker-init
containerd version: 9754871865f7fe2f4e74d43e2fc7ccd237edcbce
runc version: 09c8266bf2fcf9519a651b04ae54c967b9ab86ec
init version: fec3683
Security Options:
 seccomp
  Profile: default
Kernel Version: 3.10.0-862.el7.x86_64
Operating System: Red Hat Enterprise Linux Server 7.5 (Maipo)
OSType: linux
Architecture: x86_64
CPUs: 4
Total Memory: 15.51GiB
Name: ip-10-10-12-169.ec2.internal
ID: MRGB:COIW:3IRG:DSHN:X2N3:7RBQ:AFQG:7BUV:H5C5:NCUS:TI4A:ECJL
Docker Root Dir: /var/lib/docker
Debug Mode (client): false
Debug Mode (server): true
 File Descriptors: 37
 Goroutines: 159
 System Time: 2019-02-20T18:41:16.493865254Z
 EventsListeners: 0
Registry: https://index.docker.io/v1/
Labels:
 com.docker.security.seccomp=enabled
Experimental: false
Insecure Registries:
 127.0.0.0/8
Live Restore Enabled: false
Product License: Unlicensed Enterprise Engine

NETWORK ID          NAME                DRIVER              SCOPE
ca6409d597f8        bridge              bridge              local
145a16037e95        docker_gwbridge     bridge              local
d51b824ac0e4        host                host                local
fzrbutojc41p        ingress             overlay             swarm
0eb730a64dd6        mv-test             macvlan             local
6fc939f7e9a2        none                null                local
[
    {
        "Name": "mv-test",
        "Id": "0eb730a64dd6926696bbf5b0f05fbc2a51dc520ca340a6ae0560a9539e057431",
        "Created": "2019-02-20T18:25:54.244094829Z",
        "Scope": "local",
        "Driver": "macvlan",
        "EnableIPv6": false,
        "IPAM": {
            "Driver": "default",
            "Options": {},
            "Config": [
                {
                    "Subnet": "172.19.0.0/16",
                    "Gateway": "172.19.0.1"
                }
            ]
        },
        "Internal": false,
        "Attachable": true,
        "Ingress": false,
        "ConfigFrom": {
            "Network": ""
        },
        "ConfigOnly": false,
        "Containers": {},
        "Options": {
            "parent": "eth0"
        },
        "Labels": {}
    }
]
nginx-mv-test
